d:\vs projects\c++\tms_ui\tms_ui\x64\debug\errorhandler.obj
d:\vs projects\c++\tms_ui\tms_ui\x64\debug\main.obj
d:\vs projects\c++\tms_ui\tms_ui\x64\debug\mainwindow.obj
d:\vs projects\c++\tms_ui\tms_ui\x64\debug\invitation.obj
d:\vs projects\c++\tms_ui\tms_ui\x64\debug\dbhandler.obj
d:\vs projects\c++\tms_ui\tms_ui\x64\debug\player.obj
d:\vs projects\c++\tms_ui\tms_ui\x64\debug\team.obj
d:\vs projects\c++\tms_ui\tms_ui\x64\debug\vc142.pdb
d:\vs projects\c++\tms_ui\tms_ui\x64\debug\qrc_mainwindow.obj
d:\vs projects\c++\tms_ui\tms_ui\x64\debug\moc_mainwindow.obj
d:\vs projects\c++\tms_ui\x64\debug\tms.exe
d:\vs projects\c++\tms_ui\x64\debug\tms.ilk
d:\vs projects\c++\tms_ui\x64\debug\tms.pdb
d:\vs projects\c++\tms_ui\tms_ui\x64\debug\moc\moc_mainwindow.cpp
d:\vs projects\c++\tms_ui\tms_ui\x64\debug\rcc\qrc_mainwindow.cpp
d:\vs projects\c++\tms_ui\tms_ui\x64\debug\uic\ui_mainwindow.h
d:\vs projects\c++\tms_ui\x64\debug\tms.lib
d:\vs projects\c++\tms_ui\x64\debug\tms.exp
d:\vs projects\c++\tms_ui\tms_ui\x64\debug\dbcontroller.obj
d:\vs projects\c++\tms_ui\tms_ui\x64\debug\tms.tlog\cl.command.1.tlog
d:\vs projects\c++\tms_ui\tms_ui\x64\debug\tms.tlog\cl.read.1.tlog
d:\vs projects\c++\tms_ui\tms_ui\x64\debug\tms.tlog\cl.write.1.tlog
d:\vs projects\c++\tms_ui\tms_ui\x64\debug\tms.tlog\link.command.1.tlog
d:\vs projects\c++\tms_ui\tms_ui\x64\debug\tms.tlog\link.read.1.tlog
d:\vs projects\c++\tms_ui\tms_ui\x64\debug\tms.tlog\link.write.1.tlog
d:\vs projects\c++\tms_ui\tms_ui\x64\debug\tms.tlog\moc.read.1u.tlog
d:\vs projects\c++\tms_ui\tms_ui\x64\debug\tms.tlog\moc.write.1u.tlog
d:\vs projects\c++\tms_ui\tms_ui\x64\debug\tms.tlog\rcc.read.1u.tlog
d:\vs projects\c++\tms_ui\tms_ui\x64\debug\tms.tlog\rcc.write.1u.tlog
d:\vs projects\c++\tms_ui\tms_ui\x64\debug\tms.tlog\tms.write.1u.tlog
d:\vs projects\c++\tms_ui\tms_ui\x64\debug\tms.tlog\uic.read.1u.tlog
d:\vs projects\c++\tms_ui\tms_ui\x64\debug\tms.tlog\uic.write.1u.tlog
